<?xml version="1.0" encoding="UTF-8"?>
<testng-results skipped="0" failed="0" ignored="0" total="1" passed="1">
  <reporter-output>
  </reporter-output>
  <suite name="Default suite" duration-ms="6894" started-at="2022-05-03T09:28:54 IST" finished-at="2022-05-03T09:29:01 IST">
    <groups>
    </groups>
    <test name="Default test" duration-ms="6894" started-at="2022-05-03T09:28:54 IST" finished-at="2022-05-03T09:29:01 IST">
      <class name="BasicConcept.get.A_getMethod">
        <test-method status="PASS" signature="example1()[pri:0, instance:BasicConcept.get.A_getMethod@4b553d26]" name="example1" duration-ms="6841" started-at="2022-05-03T09:28:54 IST" finished-at="2022-05-03T09:29:01 IST">
          <reporter-output>
          </reporter-output>
        </test-method> <!-- example1 -->
      </class> <!-- BasicConcept.get.A_getMethod -->
    </test> <!-- Default test -->
  </suite> <!-- Default suite -->
</testng-results>
